[[1;34mINFO[m] Scanning for projects...
[[1;34mINFO[m] 
[[1;34mINFO[m] [1m------------------< [0;36morg.apache.commons:commons-math3[0;1m >------------------[m
[[1;34mINFO[m] [1mBuilding Commons Math 3.2-SNAPSHOT[m
[[1;34mINFO[m] [1m--------------------------------[ jar ]---------------------------------[m
[[1;34mINFO[m] 
[[1;34mINFO[m] [1m--- [0;32mmaven-clean-plugin:2.5:clean[m [1m(default-clean)[m @ [36mcommons-math3[0;1m ---[m
[[1;34mINFO[m] 
[[1;34mINFO[m] [1m--- [0;32mclover-maven-plugin:4.4.1:setup[m [1m(default-cli)[m @ [36mcommons-math3[0;1m ---[m
[[1;34mINFO[m] OpenClover Version 4.4.1, built on October 11 2019 (build-1020)
[[1;34mINFO[m] Creating new database at '/home/khaes/phd/projects/explanation/code/tmp/proj-explanation/original/target/clover/clover.db'.
[[1;34mINFO[m] Processing files at 1.9 source level.
[[1;34mINFO[m] Clover all over. Instrumented 768 files (58 packages).
[[1;34mINFO[m] OpenClover Version 4.4.1, built on October 11 2019 (build-1020)
[[1;34mINFO[m] Updating existing database at '/home/khaes/phd/projects/explanation/code/tmp/proj-explanation/original/target/clover/clover.db'.
[[1;34mINFO[m] Processing files at 1.9 source level.
[[1;34mINFO[m] Clover all over. Instrumented 458 files (57 packages).
[[1;34mINFO[m] 3417 test methods detected.
[[1;34mINFO[m] 
[[1;34mINFO[m] [1m--- [0;32mmaven-antrun-plugin:1.7:run[m [1m(javadoc.resources)[m @ [36mcommons-math3[0;1m ---[m
[[1;34mINFO[m] Executing tasks

main:
     [copy] Copying 2 files to /home/khaes/phd/projects/explanation/code/tmp/proj-explanation/original/target/apidocs/META-INF
[[1;34mINFO[m] Executed tasks
[[1;34mINFO[m] 
[[1;34mINFO[m] [1m--- [0;32mmaven-remote-resources-plugin:1.4:process[m [1m(default)[m @ [36mcommons-math3[0;1m ---[m
[[1;34mINFO[m] 
[[1;34mINFO[m] [1m--- [0;32mbuildnumber-maven-plugin:1.2:create[m [1m(default)[m @ [36mcommons-math3[0;1m ---[m
[[1;34mINFO[m] Checking for local modifications: skipped.
[[1;34mINFO[m] Updating project files from SCM: skipped.
[[1;34mINFO[m] Executing: /bin/sh -c cd /home/khaes/phd/projects/explanation/code/tmp/proj-explanation/original && svn --non-interactive info
[[1;34mINFO[m] Working directory: /home/khaes/phd/projects/explanation/code/tmp/proj-explanation/original
[[1;34mINFO[m] Storing buildNumber: ?????? at timestamp: 1648985322276
[[1;34mINFO[m] Executing: /bin/sh -c cd /home/khaes/phd/projects/explanation/code/tmp/proj-explanation/original && svn --non-interactive info
[[1;34mINFO[m] Working directory: /home/khaes/phd/projects/explanation/code/tmp/proj-explanation/original
[[1;34mINFO[m] Storing buildScmBranch: UNKNOWN_BRANCH
[[1;34mINFO[m] 
[[1;34mINFO[m] [1m--- [0;32mmaven-resources-plugin:2.6:resources[m [1m(default-resources)[m @ [36mcommons-math3[0;1m ---[m
[[1;34mINFO[m] Using 'UTF-8' encoding to copy filtered resources.
[[1;34mINFO[m] Copying 1 resource
[[1;34mINFO[m] Copying 2 resources to META-INF
[[1;34mINFO[m] Copying 1 resource
[[1;34mINFO[m] 
[[1;34mINFO[m] [1m--- [0;32mmaven-compiler-plugin:3.0:compile[m [1m(default-compile)[m @ [36mcommons-math3[0;1m ---[m
[[1;34mINFO[m] Changes detected - recompiling the module!
[[1;34mINFO[m] Compiling 768 source files to /home/khaes/phd/projects/explanation/code/tmp/proj-explanation/original/target/classes
[[1;33mWARNING[m] /home/khaes/phd/projects/explanation/code/tmp/proj-explanation/original/target/clover/src-instrumented/org/apache/commons/math3/distribution/AbstractRealDistribution.java: Some input files use or override a deprecated API.
[[1;33mWARNING[m] /home/khaes/phd/projects/explanation/code/tmp/proj-explanation/original/target/clover/src-instrumented/org/apache/commons/math3/distribution/AbstractRealDistribution.java: Recompile with -Xlint:deprecation for details.
[[1;34mINFO[m] 
[[1;34mINFO[m] [1m--- [0;32mmaven-bundle-plugin:2.3.7:manifest[m [1m(bundle-manifest)[m @ [36mcommons-math3[0;1m ---[m
[[1;34mINFO[m] 
[[1;34mINFO[m] [1m--- [0;32mmaven-resources-plugin:2.6:testResources[m [1m(default-testResources)[m @ [36mcommons-math3[0;1m ---[m
[[1;34mINFO[m] Using 'UTF-8' encoding to copy filtered resources.
[[1;34mINFO[m] Copying 28 resources
[[1;34mINFO[m] Copying 2 resources to META-INF
[[1;34mINFO[m] 
[[1;34mINFO[m] [1m--- [0;32mmaven-compiler-plugin:3.0:testCompile[m [1m(default-testCompile)[m @ [36mcommons-math3[0;1m ---[m
[[1;34mINFO[m] Changes detected - recompiling the module!
[[1;34mINFO[m] Compiling 458 source files to /home/khaes/phd/projects/explanation/code/tmp/proj-explanation/original/target/test-classes
[[1;33mWARNING[m] /home/khaes/phd/projects/explanation/code/tmp/proj-explanation/original/target/clover/src-test-instrumented/org/apache/commons/math3/optimization/MultivariateDifferentiableMultiStartOptimizerTest.java: Some input files use or override a deprecated API.
[[1;33mWARNING[m] /home/khaes/phd/projects/explanation/code/tmp/proj-explanation/original/target/clover/src-test-instrumented/org/apache/commons/math3/optimization/MultivariateDifferentiableMultiStartOptimizerTest.java: Recompile with -Xlint:deprecation for details.
[[1;34mINFO[m] 
[[1;34mINFO[m] [1m--- [0;32mmaven-surefire-plugin:2.13:test[m [1m(default-test)[m @ [36mcommons-math3[0;1m ---[m
[[1;34mINFO[m] Surefire report directory: /home/khaes/phd/projects/explanation/code/tmp/proj-explanation/original/target/surefire-reports

-------------------------------------------------------
 T E S T S
-------------------------------------------------------
Running org.apache.commons.math3.optim.nonlinear.vector.jacobian.GaussNewtonOptimizerTest
Tests run: 21, Failures: 1, Errors: 0, Skipped: 0, Time elapsed: 0.522 sec <<< FAILURE!
testGetIterations(org.apache.commons.math3.optim.nonlinear.vector.jacobian.GaussNewtonOptimizerTest)  Time elapsed: 0.017 sec  <<< FAILURE!
java.lang.AssertionError: null
	at org.junit.Assert.fail(Assert.java:92)
	at org.junit.Assert.assertTrue(Assert.java:43)
	at org.junit.Assert.assertTrue(Assert.java:54)
	at org.apache.commons.math3.optim.nonlinear.vector.jacobian.AbstractLeastSquaresOptimizerAbstractTest.__CLR4_4_18yhlj31yd6(AbstractLeastSquaresOptimizerAbstractTest.java:131)
	at org.apache.commons.math3.optim.nonlinear.vector.jacobian.AbstractLeastSquaresOptimizerAbstractTest.testGetIterations(AbstractLeastSquaresOptimizerAbstractTest.java:109)
	at java.base/jdk.internal.reflect.NativeMethodAccessorImpl.invoke0(Native Method)
	at java.base/jdk.internal.reflect.NativeMethodAccessorImpl.invoke(NativeMethodAccessorImpl.java:62)
	at java.base/jdk.internal.reflect.DelegatingMethodAccessorImpl.invoke(DelegatingMethodAccessorImpl.java:43)
	at java.base/java.lang.reflect.Method.invoke(Method.java:566)
	at org.junit.runners.model.FrameworkMethod$1.runReflectiveCall(FrameworkMethod.java:45)
	at org.junit.internal.runners.model.ReflectiveCallable.run(ReflectiveCallable.java:15)
	at org.junit.runners.model.FrameworkMethod.invokeExplosively(FrameworkMethod.java:42)
	at org.junit.internal.runners.statements.InvokeMethod.evaluate(InvokeMethod.java:20)
	at org.junit.runners.ParentRunner.runLeaf(ParentRunner.java:263)
	at org.junit.runners.BlockJUnit4ClassRunner.runChild(BlockJUnit4ClassRunner.java:68)
	at org.junit.runners.BlockJUnit4ClassRunner.runChild(BlockJUnit4ClassRunner.java:47)
	at org.junit.runners.ParentRunner$3.run(ParentRunner.java:231)
	at org.junit.runners.ParentRunner$1.schedule(ParentRunner.java:60)
	at org.junit.runners.ParentRunner.runChildren(ParentRunner.java:229)
	at org.junit.runners.ParentRunner.access$000(ParentRunner.java:50)
	at org.junit.runners.ParentRunner$2.evaluate(ParentRunner.java:222)
	at org.junit.runners.ParentRunner.run(ParentRunner.java:300)
	at org.apache.maven.surefire.junit4.JUnit4Provider.execute(JUnit4Provider.java:264)
	at org.apache.maven.surefire.junit4.JUnit4Provider.executeTestSet(JUnit4Provider.java:153)
	at org.apache.maven.surefire.junit4.JUnit4Provider.invoke(JUnit4Provider.java:124)
	at java.base/jdk.internal.reflect.NativeMethodAccessorImpl.invoke0(Native Method)
	at java.base/jdk.internal.reflect.NativeMethodAccessorImpl.invoke(NativeMethodAccessorImpl.java:62)
	at java.base/jdk.internal.reflect.DelegatingMethodAccessorImpl.invoke(DelegatingMethodAccessorImpl.java:43)
	at java.base/java.lang.reflect.Method.invoke(Method.java:566)
	at org.apache.maven.surefire.util.ReflectionUtils.invokeMethodWithArray2(ReflectionUtils.java:208)
	at org.apache.maven.surefire.booter.ProviderFactory$ProviderProxy.invoke(ProviderFactory.java:158)
	at org.apache.maven.surefire.booter.ProviderFactory.invokeProvider(ProviderFactory.java:86)
	at org.apache.maven.surefire.booter.ForkedBooter.runSuitesInProcess(ForkedBooter.java:153)
	at org.apache.maven.surefire.booter.ForkedBooter.main(ForkedBooter.java:95)

Running org.apache.commons.math3.optim.nonlinear.vector.jacobian.LevenbergMarquardtOptimizerTest
Tests run: 23, Failures: 1, Errors: 0, Skipped: 0, Time elapsed: 1.755 sec <<< FAILURE!
testGetIterations(org.apache.commons.math3.optim.nonlinear.vector.jacobian.LevenbergMarquardtOptimizerTest)  Time elapsed: 0.008 sec  <<< FAILURE!
java.lang.AssertionError: null
	at org.junit.Assert.fail(Assert.java:92)
	at org.junit.Assert.assertTrue(Assert.java:43)
	at org.junit.Assert.assertTrue(Assert.java:54)
	at org.apache.commons.math3.optim.nonlinear.vector.jacobian.AbstractLeastSquaresOptimizerAbstractTest.__CLR4_4_18yhlj31yd6(AbstractLeastSquaresOptimizerAbstractTest.java:131)
	at org.apache.commons.math3.optim.nonlinear.vector.jacobian.AbstractLeastSquaresOptimizerAbstractTest.testGetIterations(AbstractLeastSquaresOptimizerAbstractTest.java:109)
	at java.base/jdk.internal.reflect.NativeMethodAccessorImpl.invoke0(Native Method)
	at java.base/jdk.internal.reflect.NativeMethodAccessorImpl.invoke(NativeMethodAccessorImpl.java:62)
	at java.base/jdk.internal.reflect.DelegatingMethodAccessorImpl.invoke(DelegatingMethodAccessorImpl.java:43)
	at java.base/java.lang.reflect.Method.invoke(Method.java:566)
	at org.junit.runners.model.FrameworkMethod$1.runReflectiveCall(FrameworkMethod.java:45)
	at org.junit.internal.runners.model.ReflectiveCallable.run(ReflectiveCallable.java:15)
	at org.junit.runners.model.FrameworkMethod.invokeExplosively(FrameworkMethod.java:42)
	at org.junit.internal.runners.statements.InvokeMethod.evaluate(InvokeMethod.java:20)
	at org.junit.runners.ParentRunner.runLeaf(ParentRunner.java:263)
	at org.junit.runners.BlockJUnit4ClassRunner.runChild(BlockJUnit4ClassRunner.java:68)
	at org.junit.runners.BlockJUnit4ClassRunner.runChild(BlockJUnit4ClassRunner.java:47)
	at org.junit.runners.ParentRunner$3.run(ParentRunner.java:231)
	at org.junit.runners.ParentRunner$1.schedule(ParentRunner.java:60)
	at org.junit.runners.ParentRunner.runChildren(ParentRunner.java:229)
	at org.junit.runners.ParentRunner.access$000(ParentRunner.java:50)
	at org.junit.runners.ParentRunner$2.evaluate(ParentRunner.java:222)
	at org.junit.runners.ParentRunner.run(ParentRunner.java:300)
	at org.apache.maven.surefire.junit4.JUnit4Provider.execute(JUnit4Provider.java:264)
	at org.apache.maven.surefire.junit4.JUnit4Provider.executeTestSet(JUnit4Provider.java:153)
	at org.apache.maven.surefire.junit4.JUnit4Provider.invoke(JUnit4Provider.java:124)
	at java.base/jdk.internal.reflect.NativeMethodAccessorImpl.invoke0(Native Method)
	at java.base/jdk.internal.reflect.NativeMethodAccessorImpl.invoke(NativeMethodAccessorImpl.java:62)
	at java.base/jdk.internal.reflect.DelegatingMethodAccessorImpl.invoke(DelegatingMethodAccessorImpl.java:43)
	at java.base/java.lang.reflect.Method.invoke(Method.java:566)
	at org.apache.maven.surefire.util.ReflectionUtils.invokeMethodWithArray2(ReflectionUtils.java:208)
	at org.apache.maven.surefire.booter.ProviderFactory$ProviderProxy.invoke(ProviderFactory.java:158)
	at org.apache.maven.surefire.booter.ProviderFactory.invokeProvider(ProviderFactory.java:86)
	at org.apache.maven.surefire.booter.ForkedBooter.runSuitesInProcess(ForkedBooter.java:153)
	at org.apache.maven.surefire.booter.ForkedBooter.main(ForkedBooter.java:95)

Running org.apache.commons.math3.optim.nonlinear.scalar.gradient.NonLinearConjugateGradientOptimizerTest
Tests run: 13, Failures: 1, Errors: 0, Skipped: 0, Time elapsed: 0.059 sec <<< FAILURE!
testTrivial(org.apache.commons.math3.optim.nonlinear.scalar.gradient.NonLinearConjugateGradientOptimizerTest)  Time elapsed: 0.011 sec  <<< FAILURE!
java.lang.AssertionError: null
	at org.junit.Assert.fail(Assert.java:92)
	at org.junit.Assert.assertTrue(Assert.java:43)
	at org.junit.Assert.assertTrue(Assert.java:54)
	at org.apache.commons.math3.optim.nonlinear.scalar.gradient.NonLinearConjugateGradientOptimizerTest.__CLR4_4_19ri9u1xew(NonLinearConjugateGradientOptimizerTest.java:141)
	at org.apache.commons.math3.optim.nonlinear.scalar.gradient.NonLinearConjugateGradientOptimizerTest.testTrivial(NonLinearConjugateGradientOptimizerTest.java:125)

Running org.apache.commons.math3.optim.nonlinear.scalar.noderiv.PowellOptimizerTest
Tests run: 5, Failures: 1, Errors: 0, Skipped: 0, Time elapsed: 0.026 sec <<< FAILURE!
testSumSinc(org.apache.commons.math3.optim.nonlinear.scalar.noderiv.PowellOptimizerTest)  Time elapsed: 0.008 sec  <<< FAILURE!
java.lang.AssertionError: null
	at org.junit.Assert.fail(Assert.java:92)
	at org.junit.Assert.assertTrue(Assert.java:43)
	at org.junit.Assert.assertTrue(Assert.java:54)
	at org.apache.commons.math3.optim.nonlinear.scalar.noderiv.PowellOptimizerTest.doTest(PowellOptimizerTest.java:266)
	at org.apache.commons.math3.optim.nonlinear.scalar.noderiv.PowellOptimizerTest.__CLR4_4_14vfcfp1y1p(PowellOptimizerTest.java:75)
	at org.apache.commons.math3.optim.nonlinear.scalar.noderiv.PowellOptimizerTest.testSumSinc(PowellOptimizerTest.java:51)

Running org.apache.commons.math3.optim.nonlinear.scalar.noderiv.CMAESOptimizerTest
Tests run: 24, Failures: 16, Errors: 0, Skipped: 0, Time elapsed: 180.557 sec <<< FAILURE!
testRosen(org.apache.commons.math3.optim.nonlinear.scalar.noderiv.CMAESOptimizerTest)  Time elapsed: 18.158 sec  <<< FAILURE!
java.lang.AssertionError: null
	at org.junit.Assert.fail(Assert.java:92)
	at org.junit.Assert.assertTrue(Assert.java:43)
	at org.junit.Assert.assertTrue(Assert.java:54)
	at org.apache.commons.math3.optim.nonlinear.scalar.noderiv.CMAESOptimizerTest.doTest(CMAESOptimizerTest.java:514)
	at org.apache.commons.math3.optim.nonlinear.scalar.noderiv.CMAESOptimizerTest.__CLR4_4_1mh4ks41xrs(CMAESOptimizerTest.java:132)
	at org.apache.commons.math3.optim.nonlinear.scalar.noderiv.CMAESOptimizerTest.testRosen(CMAESOptimizerTest.java:126)

testMaximize(org.apache.commons.math3.optim.nonlinear.scalar.noderiv.CMAESOptimizerTest)  Time elapsed: 14.599 sec  <<< FAILURE!
java.lang.AssertionError: null
	at org.junit.Assert.fail(Assert.java:92)
	at org.junit.Assert.assertTrue(Assert.java:43)
	at org.junit.Assert.assertTrue(Assert.java:54)
	at org.apache.commons.math3.optim.nonlinear.scalar.noderiv.CMAESOptimizerTest.doTest(CMAESOptimizerTest.java:514)
	at org.apache.commons.math3.optim.nonlinear.scalar.noderiv.CMAESOptimizerTest.__CLR4_4_16ww16t1xrz(CMAESOptimizerTest.java:148)
	at org.apache.commons.math3.optim.nonlinear.scalar.noderiv.CMAESOptimizerTest.testMaximize(CMAESOptimizerTest.java:142)

testEllipse(org.apache.commons.math3.optim.nonlinear.scalar.noderiv.CMAESOptimizerTest)  Time elapsed: 4.945 sec  <<< FAILURE!
java.lang.AssertionError: null
	at org.junit.Assert.fail(Assert.java:92)
	at org.junit.Assert.assertTrue(Assert.java:43)
	at org.junit.Assert.assertTrue(Assert.java:54)
	at org.apache.commons.math3.optim.nonlinear.scalar.noderiv.CMAESOptimizerTest.doTest(CMAESOptimizerTest.java:514)
	at org.apache.commons.math3.optim.nonlinear.scalar.noderiv.CMAESOptimizerTest.__CLR4_4_1fb0cwd1xs9(CMAESOptimizerTest.java:168)
	at org.apache.commons.math3.optim.nonlinear.scalar.noderiv.CMAESOptimizerTest.testEllipse(CMAESOptimizerTest.java:162)

testElliRotated(org.apache.commons.math3.optim.nonlinear.scalar.noderiv.CMAESOptimizerTest)  Time elapsed: 5.121 sec  <<< FAILURE!
java.lang.AssertionError: null
	at org.junit.Assert.fail(Assert.java:92)
	at org.junit.Assert.assertTrue(Assert.java:43)
	at org.junit.Assert.assertTrue(Assert.java:54)
	at org.apache.commons.math3.optim.nonlinear.scalar.noderiv.CMAESOptimizerTest.doTest(CMAESOptimizerTest.java:514)
	at org.apache.commons.math3.optim.nonlinear.scalar.noderiv.CMAESOptimizerTest.__CLR4_4_1es5oyu1xsg(CMAESOptimizerTest.java:183)
	at org.apache.commons.math3.optim.nonlinear.scalar.noderiv.CMAESOptimizerTest.testElliRotated(CMAESOptimizerTest.java:177)

testCigar(org.apache.commons.math3.optim.nonlinear.scalar.noderiv.CMAESOptimizerTest)  Time elapsed: 3.73 sec  <<< FAILURE!
java.lang.AssertionError: null
	at org.junit.Assert.fail(Assert.java:92)
	at org.junit.Assert.assertTrue(Assert.java:43)
	at org.junit.Assert.assertTrue(Assert.java:54)
	at org.apache.commons.math3.optim.nonlinear.scalar.noderiv.CMAESOptimizerTest.doTest(CMAESOptimizerTest.java:514)
	at org.apache.commons.math3.optim.nonlinear.scalar.noderiv.CMAESOptimizerTest.__CLR4_4_1s79tz1xsn(CMAESOptimizerTest.java:198)
	at org.apache.commons.math3.optim.nonlinear.scalar.noderiv.CMAESOptimizerTest.testCigar(CMAESOptimizerTest.java:192)

testCigarWithBoundaries(org.apache.commons.math3.optim.nonlinear.scalar.noderiv.CMAESOptimizerTest)  Time elapsed: 3.679 sec  <<< FAILURE!
java.lang.AssertionError: null
	at org.junit.Assert.fail(Assert.java:92)
	at org.junit.Assert.assertTrue(Assert.java:43)
	at org.junit.Assert.assertTrue(Assert.java:54)
	at org.apache.commons.math3.optim.nonlinear.scalar.noderiv.CMAESOptimizerTest.doTest(CMAESOptimizerTest.java:514)
	at org.apache.commons.math3.optim.nonlinear.scalar.noderiv.CMAESOptimizerTest.__CLR4_4_1b1biaz1xsu(CMAESOptimizerTest.java:213)
	at org.apache.commons.math3.optim.nonlinear.scalar.noderiv.CMAESOptimizerTest.testCigarWithBoundaries(CMAESOptimizerTest.java:207)

testTwoAxes(org.apache.commons.math3.optim.nonlinear.scalar.noderiv.CMAESOptimizerTest)  Time elapsed: 9.969 sec  <<< FAILURE!
java.lang.AssertionError: null
	at org.junit.Assert.fail(Assert.java:92)
	at org.junit.Assert.assertTrue(Assert.java:43)
	at org.junit.Assert.assertTrue(Assert.java:54)
	at org.apache.commons.math3.optim.nonlinear.scalar.noderiv.CMAESOptimizerTest.doTest(CMAESOptimizerTest.java:514)
	at org.apache.commons.math3.optim.nonlinear.scalar.noderiv.CMAESOptimizerTest.__CLR4_4_198vkl61xt1(CMAESOptimizerTest.java:228)
	at org.apache.commons.math3.optim.nonlinear.scalar.noderiv.CMAESOptimizerTest.testTwoAxes(CMAESOptimizerTest.java:222)

testCigTab(org.apache.commons.math3.optim.nonlinear.scalar.noderiv.CMAESOptimizerTest)  Time elapsed: 3.544 sec  <<< FAILURE!
java.lang.AssertionError: null
	at org.junit.Assert.fail(Assert.java:92)
	at org.junit.Assert.assertTrue(Assert.java:43)
	at org.junit.Assert.assertTrue(Assert.java:54)
	at org.apache.commons.math3.optim.nonlinear.scalar.noderiv.CMAESOptimizerTest.doTest(CMAESOptimizerTest.java:514)
	at org.apache.commons.math3.optim.nonlinear.scalar.noderiv.CMAESOptimizerTest.__CLR4_4_1tqlxal1xt8(CMAESOptimizerTest.java:243)
	at org.apache.commons.math3.optim.nonlinear.scalar.noderiv.CMAESOptimizerTest.testCigTab(CMAESOptimizerTest.java:237)

testSphere(org.apache.commons.math3.optim.nonlinear.scalar.noderiv.CMAESOptimizerTest)  Time elapsed: 1.734 sec  <<< FAILURE!
java.lang.AssertionError: null
	at org.junit.Assert.fail(Assert.java:92)
	at org.junit.Assert.assertTrue(Assert.java:43)
	at org.junit.Assert.assertTrue(Assert.java:54)
	at org.apache.commons.math3.optim.nonlinear.scalar.noderiv.CMAESOptimizerTest.doTest(CMAESOptimizerTest.java:514)
	at org.apache.commons.math3.optim.nonlinear.scalar.noderiv.CMAESOptimizerTest.__CLR4_4_1ut81gm1xtf(CMAESOptimizerTest.java:258)
	at org.apache.commons.math3.optim.nonlinear.scalar.noderiv.CMAESOptimizerTest.testSphere(CMAESOptimizerTest.java:252)

testTablet(org.apache.commons.math3.optim.nonlinear.scalar.noderiv.CMAESOptimizerTest)  Time elapsed: 3.667 sec  <<< FAILURE!
java.lang.AssertionError: null
	at org.junit.Assert.fail(Assert.java:92)
	at org.junit.Assert.assertTrue(Assert.java:43)
	at org.junit.Assert.assertTrue(Assert.java:54)
	at org.apache.commons.math3.optim.nonlinear.scalar.noderiv.CMAESOptimizerTest.doTest(CMAESOptimizerTest.java:514)
	at org.apache.commons.math3.optim.nonlinear.scalar.noderiv.CMAESOptimizerTest.__CLR4_4_13yqqld1xtm(CMAESOptimizerTest.java:273)
	at org.apache.commons.math3.optim.nonlinear.scalar.noderiv.CMAESOptimizerTest.testTablet(CMAESOptimizerTest.java:267)

testDiffPow(org.apache.commons.math3.optim.nonlinear.scalar.noderiv.CMAESOptimizerTest)  Time elapsed: 3.028 sec  <<< FAILURE!
java.lang.AssertionError: null
	at org.junit.Assert.fail(Assert.java:92)
	at org.junit.Assert.assertTrue(Assert.java:43)
	at org.junit.Assert.assertTrue(Assert.java:54)
	at org.apache.commons.math3.optim.nonlinear.scalar.noderiv.CMAESOptimizerTest.doTest(CMAESOptimizerTest.java:514)
	at org.apache.commons.math3.optim.nonlinear.scalar.noderiv.CMAESOptimizerTest.__CLR4_4_15qhzg81xtt(CMAESOptimizerTest.java:288)
	at org.apache.commons.math3.optim.nonlinear.scalar.noderiv.CMAESOptimizerTest.testDiffPow(CMAESOptimizerTest.java:282)

testSsDiffPow(org.apache.commons.math3.optim.nonlinear.scalar.noderiv.CMAESOptimizerTest)  Time elapsed: 5.637 sec  <<< FAILURE!
java.lang.AssertionError: null
	at org.junit.Assert.fail(Assert.java:92)
	at org.junit.Assert.assertTrue(Assert.java:43)
	at org.junit.Assert.assertTrue(Assert.java:54)
	at org.apache.commons.math3.optim.nonlinear.scalar.noderiv.CMAESOptimizerTest.doTest(CMAESOptimizerTest.java:514)
	at org.apache.commons.math3.optim.nonlinear.scalar.noderiv.CMAESOptimizerTest.__CLR4_4_1ivx0vs1xu0(CMAESOptimizerTest.java:303)
	at org.apache.commons.math3.optim.nonlinear.scalar.noderiv.CMAESOptimizerTest.testSsDiffPow(CMAESOptimizerTest.java:297)

testAckley(org.apache.commons.math3.optim.nonlinear.scalar.noderiv.CMAESOptimizerTest)  Time elapsed: 3.506 sec  <<< FAILURE!
java.lang.AssertionError: null
	at org.junit.Assert.fail(Assert.java:92)
	at org.junit.Assert.assertTrue(Assert.java:43)
	at org.junit.Assert.assertTrue(Assert.java:54)
	at org.apache.commons.math3.optim.nonlinear.scalar.noderiv.CMAESOptimizerTest.doTest(CMAESOptimizerTest.java:514)
	at org.apache.commons.math3.optim.nonlinear.scalar.noderiv.CMAESOptimizerTest.__CLR4_4_1luwii81xu7(CMAESOptimizerTest.java:318)
	at org.apache.commons.math3.optim.nonlinear.scalar.noderiv.CMAESOptimizerTest.testAckley(CMAESOptimizerTest.java:312)

testRastrigin(org.apache.commons.math3.optim.nonlinear.scalar.noderiv.CMAESOptimizerTest)  Time elapsed: 76.639 sec  <<< FAILURE!
java.lang.AssertionError: null
	at org.junit.Assert.fail(Assert.java:92)
	at org.junit.Assert.assertTrue(Assert.java:43)
	at org.junit.Assert.assertTrue(Assert.java:54)
	at org.apache.commons.math3.optim.nonlinear.scalar.noderiv.CMAESOptimizerTest.doTest(CMAESOptimizerTest.java:514)
	at org.apache.commons.math3.optim.nonlinear.scalar.noderiv.CMAESOptimizerTest.__CLR4_4_16uup0m1xue(CMAESOptimizerTest.java:333)
	at org.apache.commons.math3.optim.nonlinear.scalar.noderiv.CMAESOptimizerTest.testRastrigin(CMAESOptimizerTest.java:327)

testConstrainedRosen(org.apache.commons.math3.optim.nonlinear.scalar.noderiv.CMAESOptimizerTest)  Time elapsed: 6.271 sec  <<< FAILURE!
java.lang.AssertionError: null
	at org.junit.Assert.fail(Assert.java:92)
	at org.junit.Assert.assertTrue(Assert.java:43)
	at org.junit.Assert.assertTrue(Assert.java:54)
	at org.apache.commons.math3.optim.nonlinear.scalar.noderiv.CMAESOptimizerTest.doTest(CMAESOptimizerTest.java:514)
	at org.apache.commons.math3.optim.nonlinear.scalar.noderiv.CMAESOptimizerTest.__CLR4_4_1s2y23i1xul(CMAESOptimizerTest.java:348)
	at org.apache.commons.math3.optim.nonlinear.scalar.noderiv.CMAESOptimizerTest.testConstrainedRosen(CMAESOptimizerTest.java:342)

testDiagonalRosen(org.apache.commons.math3.optim.nonlinear.scalar.noderiv.CMAESOptimizerTest)  Time elapsed: 16.247 sec  <<< FAILURE!
java.lang.AssertionError: null
	at org.junit.Assert.fail(Assert.java:92)
	at org.junit.Assert.assertTrue(Assert.java:43)
	at org.junit.Assert.assertTrue(Assert.java:54)
	at org.apache.commons.math3.optim.nonlinear.scalar.noderiv.CMAESOptimizerTest.doTest(CMAESOptimizerTest.java:514)
	at org.apache.commons.math3.optim.nonlinear.scalar.noderiv.CMAESOptimizerTest.__CLR4_4_1h5qiqp1xus(CMAESOptimizerTest.java:363)
	at org.apache.commons.math3.optim.nonlinear.scalar.noderiv.CMAESOptimizerTest.testDiagonalRosen(CMAESOptimizerTest.java:357)

Running org.apache.commons.math3.optim.nonlinear.scalar.noderiv.SimplexOptimizerMultiDirectionalTest
Tests run: 8, Failures: 4, Errors: 0, Skipped: 0, Time elapsed: 0.049 sec <<< FAILURE!
testMaximize1(org.apache.commons.math3.optim.nonlinear.scalar.noderiv.SimplexOptimizerMultiDirectionalTest)  Time elapsed: 0.008 sec  <<< FAILURE!
java.lang.AssertionError: null
	at org.junit.Assert.fail(Assert.java:92)
	at org.junit.Assert.assertTrue(Assert.java:43)
	at org.junit.Assert.assertTrue(Assert.java:54)
	at org.apache.commons.math3.optim.nonlinear.scalar.noderiv.SimplexOptimizerMultiDirectionalTest.__CLR4_4_1u9ex7q1y5k(SimplexOptimizerMultiDirectionalTest.java:108)
	at org.apache.commons.math3.optim.nonlinear.scalar.noderiv.SimplexOptimizerMultiDirectionalTest.testMaximize1(SimplexOptimizerMultiDirectionalTest.java:91)

testMinimize2(org.apache.commons.math3.optim.nonlinear.scalar.noderiv.SimplexOptimizerMultiDirectionalTest)  Time elapsed: 0.007 sec  <<< FAILURE!
java.lang.AssertionError: null
	at org.junit.Assert.fail(Assert.java:92)
	at org.junit.Assert.assertTrue(Assert.java:43)
	at org.junit.Assert.assertTrue(Assert.java:54)
	at org.apache.commons.math3.optim.nonlinear.scalar.noderiv.SimplexOptimizerMultiDirectionalTest.__CLR4_4_16dcx071y5a(SimplexOptimizerMultiDirectionalTest.java:87)
	at org.apache.commons.math3.optim.nonlinear.scalar.noderiv.SimplexOptimizerMultiDirectionalTest.testMinimize2(SimplexOptimizerMultiDirectionalTest.java:70)

testMaximize2(org.apache.commons.math3.optim.nonlinear.scalar.noderiv.SimplexOptimizerMultiDirectionalTest)  Time elapsed: 0.007 sec  <<< FAILURE!
java.lang.AssertionError: null
	at org.junit.Assert.fail(Assert.java:92)
	at org.junit.Assert.assertTrue(Assert.java:43)
	at org.junit.Assert.assertTrue(Assert.java:54)
	at org.apache.commons.math3.optim.nonlinear.scalar.noderiv.SimplexOptimizerMultiDirectionalTest.__CLR4_4_1r0eyf91y5u(SimplexOptimizerMultiDirectionalTest.java:129)
	at org.apache.commons.math3.optim.nonlinear.scalar.noderiv.SimplexOptimizerMultiDirectionalTest.testMaximize2(SimplexOptimizerMultiDirectionalTest.java:112)

testMinimize1(org.apache.commons.math3.optim.nonlinear.scalar.noderiv.SimplexOptimizerMultiDirectionalTest)  Time elapsed: 0.006 sec  <<< FAILURE!
java.lang.AssertionError: null
	at org.junit.Assert.fail(Assert.java:92)
	at org.junit.Assert.assertTrue(Assert.java:43)
	at org.junit.Assert.assertTrue(Assert.java:54)
	at org.apache.commons.math3.optim.nonlinear.scalar.noderiv.SimplexOptimizerMultiDirectionalTest.__CLR4_4_19mcvso1y50(SimplexOptimizerMultiDirectionalTest.java:66)
	at org.apache.commons.math3.optim.nonlinear.scalar.noderiv.SimplexOptimizerMultiDirectionalTest.testMinimize1(SimplexOptimizerMultiDirectionalTest.java:49)

Running org.apache.commons.math3.optim.nonlinear.scalar.noderiv.SimplexOptimizerNelderMeadTest
Tests run: 11, Failures: 4, Errors: 0, Skipped: 0, Time elapsed: 0.036 sec <<< FAILURE!
testMaximize1(org.apache.commons.math3.optim.nonlinear.scalar.noderiv.SimplexOptimizerNelderMeadTest)  Time elapsed: 0.004 sec  <<< FAILURE!
java.lang.AssertionError: null
	at org.junit.Assert.fail(Assert.java:92)
	at org.junit.Assert.assertTrue(Assert.java:43)
	at org.junit.Assert.assertTrue(Assert.java:54)
	at org.apache.commons.math3.optim.nonlinear.scalar.noderiv.SimplexOptimizerNelderMeadTest.__CLR4_4_1u9ex7q1y8f(SimplexOptimizerNelderMeadTest.java:113)
	at org.apache.commons.math3.optim.nonlinear.scalar.noderiv.SimplexOptimizerNelderMeadTest.testMaximize1(SimplexOptimizerNelderMeadTest.java:96)

testMinimize2(org.apache.commons.math3.optim.nonlinear.scalar.noderiv.SimplexOptimizerNelderMeadTest)  Time elapsed: 0.004 sec  <<< FAILURE!
java.lang.AssertionError: null
	at org.junit.Assert.fail(Assert.java:92)
	at org.junit.Assert.assertTrue(Assert.java:43)
	at org.junit.Assert.assertTrue(Assert.java:54)
	at org.apache.commons.math3.optim.nonlinear.scalar.noderiv.SimplexOptimizerNelderMeadTest.__CLR4_4_16dcx071y85(SimplexOptimizerNelderMeadTest.java:92)
	at org.apache.commons.math3.optim.nonlinear.scalar.noderiv.SimplexOptimizerNelderMeadTest.testMinimize2(SimplexOptimizerNelderMeadTest.java:75)

testMaximize2(org.apache.commons.math3.optim.nonlinear.scalar.noderiv.SimplexOptimizerNelderMeadTest)  Time elapsed: 0.003 sec  <<< FAILURE!
java.lang.AssertionError: null
	at org.junit.Assert.fail(Assert.java:92)
	at org.junit.Assert.assertTrue(Assert.java:43)
	at org.junit.Assert.assertTrue(Assert.java:54)
	at org.apache.commons.math3.optim.nonlinear.scalar.noderiv.SimplexOptimizerNelderMeadTest.__CLR4_4_1r0eyf91y8p(SimplexOptimizerNelderMeadTest.java:134)
	at org.apache.commons.math3.optim.nonlinear.scalar.noderiv.SimplexOptimizerNelderMeadTest.testMaximize2(SimplexOptimizerNelderMeadTest.java:117)

testMinimize1(org.apache.commons.math3.optim.nonlinear.scalar.noderiv.SimplexOptimizerNelderMeadTest)  Time elapsed: 0.005 sec  <<< FAILURE!
java.lang.AssertionError: null
	at org.junit.Assert.fail(Assert.java:92)
	at org.junit.Assert.assertTrue(Assert.java:43)
	at org.junit.Assert.assertTrue(Assert.java:54)
	at org.apache.commons.math3.optim.nonlinear.scalar.noderiv.SimplexOptimizerNelderMeadTest.__CLR4_4_19mcvso1y7v(SimplexOptimizerNelderMeadTest.java:71)
	at org.apache.commons.math3.optim.nonlinear.scalar.noderiv.SimplexOptimizerNelderMeadTest.testMinimize1(SimplexOptimizerNelderMeadTest.java:54)


Results :

Failed tests: 
  GaussNewtonOptimizerTest>AbstractLeastSquaresOptimizerAbstractTest.testGetIterations:109->AbstractLeastSquaresOptimizerAbstractTest.__CLR4_4_18yhlj31yd6:131 null
  LevenbergMarquardtOptimizerTest>AbstractLeastSquaresOptimizerAbstractTest.testGetIterations:109->AbstractLeastSquaresOptimizerAbstractTest.__CLR4_4_18yhlj31yd6:131 null
  NonLinearConjugateGradientOptimizerTest.testTrivial:125->__CLR4_4_19ri9u1xew:141 null
  PowellOptimizerTest.testSumSinc:51->__CLR4_4_14vfcfp1y1p:75->doTest:266 null
  CMAESOptimizerTest.testRosen:126->__CLR4_4_1mh4ks41xrs:132->doTest:514 null
  CMAESOptimizerTest.testMaximize:142->__CLR4_4_16ww16t1xrz:148->doTest:514 null
  CMAESOptimizerTest.testEllipse:162->__CLR4_4_1fb0cwd1xs9:168->doTest:514 null
  CMAESOptimizerTest.testElliRotated:177->__CLR4_4_1es5oyu1xsg:183->doTest:514 null
  CMAESOptimizerTest.testCigar:192->__CLR4_4_1s79tz1xsn:198->doTest:514 null
  CMAESOptimizerTest.testCigarWithBoundaries:207->__CLR4_4_1b1biaz1xsu:213->doTest:514 null
  CMAESOptimizerTest.testTwoAxes:222->__CLR4_4_198vkl61xt1:228->doTest:514 null
  CMAESOptimizerTest.testCigTab:237->__CLR4_4_1tqlxal1xt8:243->doTest:514 null
  CMAESOptimizerTest.testSphere:252->__CLR4_4_1ut81gm1xtf:258->doTest:514 null
  CMAESOptimizerTest.testTablet:267->__CLR4_4_13yqqld1xtm:273->doTest:514 null
  CMAESOptimizerTest.testDiffPow:282->__CLR4_4_15qhzg81xtt:288->doTest:514 null
  CMAESOptimizerTest.testSsDiffPow:297->__CLR4_4_1ivx0vs1xu0:303->doTest:514 null
  CMAESOptimizerTest.testAckley:312->__CLR4_4_1luwii81xu7:318->doTest:514 null
  CMAESOptimizerTest.testRastrigin:327->__CLR4_4_16uup0m1xue:333->doTest:514 null
  CMAESOptimizerTest.testConstrainedRosen:342->__CLR4_4_1s2y23i1xul:348->doTest:514 null
  CMAESOptimizerTest.testDiagonalRosen:357->__CLR4_4_1h5qiqp1xus:363->doTest:514 null
  SimplexOptimizerMultiDirectionalTest.testMaximize1:91->__CLR4_4_1u9ex7q1y5k:108 null
  SimplexOptimizerMultiDirectionalTest.testMinimize2:70->__CLR4_4_16dcx071y5a:87 null
  SimplexOptimizerMultiDirectionalTest.testMaximize2:112->__CLR4_4_1r0eyf91y5u:129 null
  SimplexOptimizerMultiDirectionalTest.testMinimize1:49->__CLR4_4_19mcvso1y50:66 null
  SimplexOptimizerNelderMeadTest.testMaximize1:96->__CLR4_4_1u9ex7q1y8f:113 null
  SimplexOptimizerNelderMeadTest.testMinimize2:75->__CLR4_4_16dcx071y85:92 null
  SimplexOptimizerNelderMeadTest.testMaximize2:117->__CLR4_4_1r0eyf91y8p:134 null
  SimplexOptimizerNelderMeadTest.testMinimize1:54->__CLR4_4_19mcvso1y7v:71 null

Tests run: 105, Failures: 28, Errors: 0, Skipped: 0

[[1;34mINFO[m] 
[[1;34mINFO[m] [1m------------------< [0;36morg.apache.commons:commons-math3[0;1m >------------------[m
[[1;34mINFO[m] [1mBuilding Commons Math 3.2-SNAPSHOT[m
[[1;34mINFO[m] [1m--------------------------------[ jar ]---------------------------------[m
[[1;34mINFO[m] 
[[1;34mINFO[m] [1m--- [0;32mclover-maven-plugin:4.4.1:aggregate[m [1m(default-cli)[m @ [36mcommons-math3[0;1m ---[m
[[1;34mINFO[m] 
[[1;34mINFO[m] [1m------------------< [0;36morg.apache.commons:commons-math3[0;1m >------------------[m
[[1;34mINFO[m] [1mBuilding Commons Math 3.2-SNAPSHOT[m
[[1;34mINFO[m] [1m--------------------------------[ jar ]---------------------------------[m
[[1;34mINFO[m] 
[[1;34mINFO[m] [1m--- [0;32mclover-maven-plugin:4.4.1:clover[m [1m(default-cli)[m @ [36mcommons-math3[0;1m ---[m
[[1;34mINFO[m] Using Clover report descriptor: /home/khaes/phd/projects/explanation/code/tmp/proj-explanation/original/clover-descriptor.xml
[[1;34mINFO[m] OpenClover Version 4.4.1, built on October 11 2019 (build-1020)
[[1;34mINFO[m] Clover is enabled with initstring '/home/khaes/phd/projects/explanation/code/tmp/proj-explanation/original/target/clover/clover.db'
[[1;34mINFO[m] OpenClover Version 4.4.1, built on October 11 2019 (build-1020)
[[1;34mINFO[m] Loading coverage database from: '/home/khaes/phd/projects/explanation/code/tmp/proj-explanation/original/target/clover/clover.db'
[[1;34mINFO[m] Writing HTML report to '/home/khaes/phd/projects/explanation/code/tmp/proj-explanation/original/target/site/clover'
[[1;34mINFO[m] Done. Processed 59 packages in 13930ms (236ms per package).
[[1;34mINFO[m] OpenClover Version 4.4.1, built on October 11 2019 (build-1020)
[[1;34mINFO[m] Clover is enabled with initstring '/home/khaes/phd/projects/explanation/code/tmp/proj-explanation/original/target/clover/clover.db'
[[1;34mINFO[m] OpenClover Version 4.4.1, built on October 11 2019 (build-1020)
[[1;34mINFO[m] Loading coverage database from: '/home/khaes/phd/projects/explanation/code/tmp/proj-explanation/original/target/clover/clover.db'
[[1;34mINFO[m] Writing report to '/home/khaes/phd/projects/explanation/code/tmp/proj-explanation/original/target/site/clover/clover.xml'
[[1;34mINFO[m] [1m------------------------------------------------------------------------[m
[[1;34mINFO[m] [1;31mBUILD FAILURE[m
[[1;34mINFO[m] [1m------------------------------------------------------------------------[m
[[1;34mINFO[m] Total time:  04:03 min
[[1;34mINFO[m] Finished at: 2022-04-03T13:32:27+02:00
[[1;34mINFO[m] [1m------------------------------------------------------------------------[m
[[1;31mERROR[m] Failed to execute goal [32morg.apache.maven.plugins:maven-surefire-plugin:2.13:test[m [1m(default-test)[m on project [36mcommons-math3[m: [1;31mThere are test failures.[m
[[1;31mERROR[m] [1;31m[m
[[1;31mERROR[m] [1;31mPlease refer to /home/khaes/phd/projects/explanation/code/tmp/proj-explanation/original/target/surefire-reports for the individual test results.[m
[[1;31mERROR[m] -> [1m[Help 1][m
[[1;31mERROR[m] 
[[1;31mERROR[m] To see the full stack trace of the errors, re-run Maven with the [1m-e[m switch.
[[1;31mERROR[m] Re-run Maven using the [1m-X[m switch to enable full debug logging.
[[1;31mERROR[m] 
[[1;31mERROR[m] For more information about the errors and possible solutions, please read the following articles:
[[1;31mERROR[m] [1m[Help 1][m http://cwiki.apache.org/confluence/display/MAVEN/MojoFailureException
[[1;34mINFO[m] Build failures were ignored.
[[1;34mINFO[m] Scanning for projects...
[[1;34mINFO[m] 
[[1;34mINFO[m] [1m------------------< [0;36morg.apache.commons:commons-math3[0;1m >------------------[m
[[1;34mINFO[m] [1mBuilding Commons Math 3.2-SNAPSHOT[m
[[1;34mINFO[m] [1m--------------------------------[ jar ]---------------------------------[m
[[1;34mINFO[m] 
[[1;34mINFO[m] [1m--- [0;32mmaven-clean-plugin:2.5:clean[m [1m(default-clean)[m @ [36mcommons-math3[0;1m ---[m
[[1;34mINFO[m] 
[[1;34mINFO[m] [1m--- [0;32mclover-maven-plugin:4.4.1:setup[m [1m(default-cli)[m @ [36mcommons-math3[0;1m ---[m
[[1;34mINFO[m] OpenClover Version 4.4.1, built on October 11 2019 (build-1020)
[[1;34mINFO[m] Creating new database at '/home/khaes/phd/projects/explanation/code/tmp/proj-explanation/patched/target/clover/clover.db'.
[[1;34mINFO[m] Processing files at 1.9 source level.
[[1;34mINFO[m] Clover all over. Instrumented 768 files (58 packages).
[[1;34mINFO[m] OpenClover Version 4.4.1, built on October 11 2019 (build-1020)
[[1;34mINFO[m] Updating existing database at '/home/khaes/phd/projects/explanation/code/tmp/proj-explanation/patched/target/clover/clover.db'.
[[1;34mINFO[m] Processing files at 1.9 source level.
[[1;34mINFO[m] Clover all over. Instrumented 458 files (57 packages).
[[1;34mINFO[m] 3417 test methods detected.
[[1;34mINFO[m] 
[[1;34mINFO[m] [1m--- [0;32mmaven-antrun-plugin:1.7:run[m [1m(javadoc.resources)[m @ [36mcommons-math3[0;1m ---[m
[[1;34mINFO[m] Executing tasks

main:
     [copy] Copying 2 files to /home/khaes/phd/projects/explanation/code/tmp/proj-explanation/patched/target/apidocs/META-INF
[[1;34mINFO[m] Executed tasks
[[1;34mINFO[m] 
[[1;34mINFO[m] [1m--- [0;32mmaven-remote-resources-plugin:1.4:process[m [1m(default)[m @ [36mcommons-math3[0;1m ---[m
[[1;34mINFO[m] 
[[1;34mINFO[m] [1m--- [0;32mbuildnumber-maven-plugin:1.2:create[m [1m(default)[m @ [36mcommons-math3[0;1m ---[m
[[1;34mINFO[m] Checking for local modifications: skipped.
[[1;34mINFO[m] Updating project files from SCM: skipped.
[[1;34mINFO[m] Executing: /bin/sh -c cd /home/khaes/phd/projects/explanation/code/tmp/proj-explanation/patched && svn --non-interactive info
[[1;34mINFO[m] Working directory: /home/khaes/phd/projects/explanation/code/tmp/proj-explanation/patched
[[1;34mINFO[m] Storing buildNumber: ?????? at timestamp: 1648985568414
[[1;34mINFO[m] Executing: /bin/sh -c cd /home/khaes/phd/projects/explanation/code/tmp/proj-explanation/patched && svn --non-interactive info
[[1;34mINFO[m] Working directory: /home/khaes/phd/projects/explanation/code/tmp/proj-explanation/patched
[[1;34mINFO[m] Storing buildScmBranch: UNKNOWN_BRANCH
[[1;34mINFO[m] 
[[1;34mINFO[m] [1m--- [0;32mmaven-resources-plugin:2.6:resources[m [1m(default-resources)[m @ [36mcommons-math3[0;1m ---[m
[[1;34mINFO[m] Using 'UTF-8' encoding to copy filtered resources.
[[1;34mINFO[m] Copying 1 resource
[[1;34mINFO[m] Copying 2 resources to META-INF
[[1;34mINFO[m] Copying 1 resource
[[1;34mINFO[m] 
[[1;34mINFO[m] [1m--- [0;32mmaven-compiler-plugin:3.0:compile[m [1m(default-compile)[m @ [36mcommons-math3[0;1m ---[m
[[1;34mINFO[m] Changes detected - recompiling the module!
[[1;34mINFO[m] Compiling 768 source files to /home/khaes/phd/projects/explanation/code/tmp/proj-explanation/patched/target/classes
[[1;33mWARNING[m] /home/khaes/phd/projects/explanation/code/tmp/proj-explanation/patched/target/clover/src-instrumented/org/apache/commons/math3/optimization/direct/BOBYQAOptimizer.java: Some input files use or override a deprecated API.
[[1;33mWARNING[m] /home/khaes/phd/projects/explanation/code/tmp/proj-explanation/patched/target/clover/src-instrumented/org/apache/commons/math3/optimization/direct/BOBYQAOptimizer.java: Recompile with -Xlint:deprecation for details.
[[1;34mINFO[m] 
[[1;34mINFO[m] [1m--- [0;32mmaven-bundle-plugin:2.3.7:manifest[m [1m(bundle-manifest)[m @ [36mcommons-math3[0;1m ---[m
[[1;34mINFO[m] 
[[1;34mINFO[m] [1m--- [0;32mmaven-resources-plugin:2.6:testResources[m [1m(default-testResources)[m @ [36mcommons-math3[0;1m ---[m
[[1;34mINFO[m] Using 'UTF-8' encoding to copy filtered resources.
[[1;34mINFO[m] Copying 28 resources
[[1;34mINFO[m] Copying 2 resources to META-INF
[[1;34mINFO[m] 
[[1;34mINFO[m] [1m--- [0;32mmaven-compiler-plugin:3.0:testCompile[m [1m(default-testCompile)[m @ [36mcommons-math3[0;1m ---[m
[[1;34mINFO[m] Changes detected - recompiling the module!
[[1;34mINFO[m] Compiling 458 source files to /home/khaes/phd/projects/explanation/code/tmp/proj-explanation/patched/target/test-classes
[[1;33mWARNING[m] /home/khaes/phd/projects/explanation/code/tmp/proj-explanation/patched/target/clover/src-test-instrumented/org/apache/commons/math3/optimization/fitting/CurveFitterTest.java: Some input files use or override a deprecated API.
[[1;33mWARNING[m] /home/khaes/phd/projects/explanation/code/tmp/proj-explanation/patched/target/clover/src-test-instrumented/org/apache/commons/math3/optimization/fitting/CurveFitterTest.java: Recompile with -Xlint:deprecation for details.
[[1;34mINFO[m] 
[[1;34mINFO[m] [1m--- [0;32mmaven-surefire-plugin:2.13:test[m [1m(default-test)[m @ [36mcommons-math3[0;1m ---[m
[[1;34mINFO[m] Surefire report directory: /home/khaes/phd/projects/explanation/code/tmp/proj-explanation/patched/target/surefire-reports

-------------------------------------------------------
 T E S T S
-------------------------------------------------------
Running org.apache.commons.math3.optim.nonlinear.vector.jacobian.GaussNewtonOptimizerTest
Tests run: 21, Failures: 0, Errors: 0, Skipped: 0, Time elapsed: 0.457 sec
Running org.apache.commons.math3.optim.nonlinear.vector.jacobian.LevenbergMarquardtOptimizerTest
Tests run: 23, Failures: 0, Errors: 0, Skipped: 0, Time elapsed: 1.304 sec
Running org.apache.commons.math3.optim.nonlinear.scalar.gradient.NonLinearConjugateGradientOptimizerTest
Tests run: 13, Failures: 0, Errors: 0, Skipped: 0, Time elapsed: 0.045 sec
Running org.apache.commons.math3.optim.nonlinear.scalar.noderiv.PowellOptimizerTest
Tests run: 5, Failures: 0, Errors: 0, Skipped: 0, Time elapsed: 0.023 sec
Running org.apache.commons.math3.optim.nonlinear.scalar.noderiv.CMAESOptimizerTest
Tests run: 24, Failures: 0, Errors: 0, Skipped: 0, Time elapsed: 272.863 sec
Running org.apache.commons.math3.optim.nonlinear.scalar.noderiv.SimplexOptimizerMultiDirectionalTest
Tests run: 8, Failures: 0, Errors: 0, Skipped: 0, Time elapsed: 0.036 sec
Running org.apache.commons.math3.optim.nonlinear.scalar.noderiv.SimplexOptimizerNelderMeadTest
Tests run: 11, Failures: 0, Errors: 0, Skipped: 0, Time elapsed: 0.029 sec

Results :

Tests run: 105, Failures: 0, Errors: 0, Skipped: 0

[[1;34mINFO[m] 
[[1;34mINFO[m] [1m------------------< [0;36morg.apache.commons:commons-math3[0;1m >------------------[m
[[1;34mINFO[m] [1mBuilding Commons Math 3.2-SNAPSHOT[m
[[1;34mINFO[m] [1m--------------------------------[ jar ]---------------------------------[m
[[1;34mINFO[m] 
[[1;34mINFO[m] [1m--- [0;32mclover-maven-plugin:4.4.1:aggregate[m [1m(default-cli)[m @ [36mcommons-math3[0;1m ---[m
[[1;34mINFO[m] 
[[1;34mINFO[m] [1m------------------< [0;36morg.apache.commons:commons-math3[0;1m >------------------[m
[[1;34mINFO[m] [1mBuilding Commons Math 3.2-SNAPSHOT[m
[[1;34mINFO[m] [1m--------------------------------[ jar ]---------------------------------[m
[[1;34mINFO[m] 
[[1;34mINFO[m] [1m--- [0;32mclover-maven-plugin:4.4.1:clover[m [1m(default-cli)[m @ [36mcommons-math3[0;1m ---[m
[[1;34mINFO[m] Using Clover report descriptor: /home/khaes/phd/projects/explanation/code/tmp/proj-explanation/patched/clover-descriptor.xml
[[1;34mINFO[m] OpenClover Version 4.4.1, built on October 11 2019 (build-1020)
[[1;34mINFO[m] Clover is enabled with initstring '/home/khaes/phd/projects/explanation/code/tmp/proj-explanation/patched/target/clover/clover.db'
[[1;34mINFO[m] OpenClover Version 4.4.1, built on October 11 2019 (build-1020)
[[1;34mINFO[m] Loading coverage database from: '/home/khaes/phd/projects/explanation/code/tmp/proj-explanation/patched/target/clover/clover.db'
[[1;34mINFO[m] Writing HTML report to '/home/khaes/phd/projects/explanation/code/tmp/proj-explanation/patched/target/site/clover'
[[1;34mINFO[m] Done. Processed 59 packages in 13890ms (235ms per package).
[[1;34mINFO[m] OpenClover Version 4.4.1, built on October 11 2019 (build-1020)
[[1;34mINFO[m] Clover is enabled with initstring '/home/khaes/phd/projects/explanation/code/tmp/proj-explanation/patched/target/clover/clover.db'
[[1;34mINFO[m] OpenClover Version 4.4.1, built on October 11 2019 (build-1020)
[[1;34mINFO[m] Loading coverage database from: '/home/khaes/phd/projects/explanation/code/tmp/proj-explanation/patched/target/clover/clover.db'
[[1;34mINFO[m] Writing report to '/home/khaes/phd/projects/explanation/code/tmp/proj-explanation/patched/target/site/clover/clover.xml'
[[1;34mINFO[m] [1m------------------------------------------------------------------------[m
[[1;34mINFO[m] [1;32mBUILD SUCCESS[m
[[1;34mINFO[m] [1m------------------------------------------------------------------------[m
[[1;34mINFO[m] Total time:  05:35 min
[[1;34mINFO[m] Finished at: 2022-04-03T13:38:05+02:00
[[1;34mINFO[m] [1m------------------------------------------------------------------------[m
